[0729/203730.645:ERROR:process_reader_win.cc(127)] NtOpenThread: {Access Denied} A process has requested access to an object, but has not been granted those access rights. (0xc0000022)
[0729/203730.661:ERROR:exception_snapshot_win.cc(99)] thread ID 9436 not found in process
[0729/203730.677:ERROR:process_memory_win.cc(73)] ReadMemory at 0x2308a6027f0 of 63504 bytes failed: Only part of a ReadProcessMemory or WriteProcessMemory request was completed. (0x12B)
[0729/203730.677:ERROR:process_memory_win.cc(73)] ReadMemory at 0x7ff755d70000 of 64 bytes failed: Only part of a ReadProcessMemory or WriteProcessMemory request was completed. (0x12B)
[0729/203730.677:WARNING:pe_image_reader.cc(340)] could not read dos header from C:\Program Files (x86)\Microsoft\Edge\Application\msedge.exe
[0729/203730.677:ERROR:process_memory_win.cc(73)] ReadMemory at 0x7ff755d70000 of 64 bytes failed: Only part of a ReadProcessMemory or WriteProcessMemory request was completed. (0x12B)
[0729/203730.677:WARNING:pe_image_reader.cc(340)] could not read dos header from C:\Program Files (x86)\Microsoft\Edge\Application\msedge.exe
[0729/203730.677:ERROR:process_memory_win.cc(73)] ReadMemory at 0x7ffe1c220000 of 64 bytes failed: Only part of a ReadProcessMemory or WriteProcessMemory request was completed. (0x12B)
[0729/203730.677:WARNING:pe_image_reader.cc(340)] could not read dos header from C:\Program Files (x86)\Microsoft\Edge\Application\84.0.522.40\msedge.dll
[0729/203730.677:ERROR:process_memory_win.cc(73)] ReadMemory at 0x7ffe1c220000 of 64 bytes failed: Only part of a ReadProcessMemory or WriteProcessMemory request was completed. (0x12B)
[0729/203730.677:WARNING:pe_image_reader.cc(340)] could not read dos header from C:\Program Files (x86)\Microsoft\Edge\Application\84.0.522.40\msedge.dll
[0729/203730.677:ERROR:process_memory_win.cc(73)] ReadMemory at 0x2308a61c510 of 6656 bytes failed: Only part of a ReadProcessMemory or WriteProcessMemory request was completed. (0x12B)
[0729/203730.677:ERROR:process_snapshot_win.cc(344)] failed to read unloaded module data
[0729/203730.692:ERROR:process_memory_win.cc(73)] ReadMemory at 0x7ff755d70000 of 64 bytes failed: Only part of a ReadProcessMemory or WriteProcessMemory request was completed. (0x12B)
[0729/203730.692:WARNING:pe_image_reader.cc(340)] could not read dos header from C:\Program Files (x86)\Microsoft\Edge\Application\msedge.exe
[0729/203730.692:ERROR:process_memory_win.cc(73)] ReadMemory at 0x7ff755d70000 of 64 bytes failed: Only part of a ReadProcessMemory or WriteProcessMemory request was completed. (0x12B)
[0729/203730.692:WARNING:pe_image_reader.cc(340)] could not read dos header from C:\Program Files (x86)\Microsoft\Edge\Application\msedge.exe
[0729/203730.692:ERROR:process_memory_win.cc(73)] ReadMemory at 0x7ffe69690000 of 64 bytes failed: Only part of a ReadProcessMemory or WriteProcessMemory request was completed. (0x12B)
[0729/203730.692:WARNING:pe_image_reader.cc(340)] could not read dos header from C:\WINDOWS\SYSTEM32\ntdll.dll
[0729/203730.692:ERROR:process_memory_win.cc(73)] ReadMemory at 0x7ffe69690000 of 64 bytes failed: Only part of a ReadProcessMemory or WriteProcessMemory request was completed. (0x12B)
[0729/203730.692:WARNING:pe_image_reader.cc(340)] could not read dos header from C:\WINDOWS\SYSTEM32\ntdll.dll
[0729/203730.692:ERROR:process_memory_win.cc(73)] ReadMemory at 0x7ffe677b0000 of 64 bytes failed: Only part of a ReadProcessMemory or WriteProcessMemory request was completed. (0x12B)
[0729/203730.692:WARNING:pe_image_reader.cc(340)] could not read dos header from C:\WINDOWS\System32\KERNEL32.DLL
[0729/203730.692:ERROR:process_memory_win.cc(73)] ReadMemory at 0x7ffe677b0000 of 64 bytes failed: Only part of a ReadProcessMemory or WriteProcessMemory request was completed. (0x12B)
[0729/203730.692:WARNING:pe_image_reader.cc(340)] could not read dos header from C:\WINDOWS\System32\KERNEL32.DLL
